<?xml version="1.0" encoding="UTF-8"?>
<!-- Generated by org.testng.reporters.JUnitReportReporter -->
<testsuite hostname="SRILEKHARAVURI" name="day7.TestNGLearn3" tests="1" failures="0" timestamp="17 May 2016 14:59:53 GMT" time="0.036" errors="0">
  <testcase name="XLread" time="0.036" classname="day7.TestNGLearn3"/>
</testsuite> <!-- day7.TestNGLearn3 -->
