<?xml version="1.0" encoding="UTF-8"?>
<!-- Generated by org.testng.reporters.JUnitReportReporter -->
<testsuite hostname="SRILEKHARAVURI" name="day7.TestngLearn1" tests="3" failures="0" timestamp="29 Jun 2016 07:21:08 GMT" time="0.045" errors="0">
  <testcase name="login" time="0.042" classname="day7.TestngLearn1"/>
  <testcase name="logout" time="0.002" classname="day7.TestngLearn1"/>
  <testcase name="sendmail" time="0.001" classname="day7.TestngLearn1"/>
</testsuite> <!-- day7.TestngLearn1 -->
