<?xml version="1.0" encoding="UTF-8"?>
<!-- Generated by org.testng.reporters.JUnitReportReporter -->
<testsuite hostname="SRILEKHARAVURI" name="day7.TestNGLearn2" tests="3" failures="0" timestamp="29 Jul 2016 10:23:10 GMT" time="0.031" errors="0">
  <testcase name="logout" time="0.003" classname="day7.TestNGLearn2"/>
  <testcase name="sendmail" time="0.002" classname="day7.TestNGLearn2"/>
  <testcase name="login" time="0.026" classname="day7.TestNGLearn2"/>
</testsuite> <!-- day7.TestNGLearn2 -->
