<?xml version="1.0" encoding="UTF-8"?>
<!-- Generated by org.testng.reporters.JUnitReportReporter -->
<testsuite hostname="SRILEKHARAVURI" name="day8.HandlingAlerts" tests="1" failures="0" timestamp="26 Jul 2016 07:08:05 GMT" time="39.835" errors="0">
  <testcase name="AlertHandler" time="39.835" classname="day8.HandlingAlerts"/>
</testsuite> <!-- day8.HandlingAlerts -->
